d:\vj\vj-fib\2dgame\02-bubble\02-bubble\debug\vc143.pdb
d:\vj\vj-fib\2dgame\02-bubble\02-bubble\debug\vc143.idb
d:\vj\vj-fib\2dgame\02-bubble\02-bubble\debug\tilemap.obj
d:\vj\vj-fib\2dgame\02-bubble\02-bubble\debug\texture.obj
d:\vj\vj-fib\2dgame\02-bubble\02-bubble\debug\sprite.obj
d:\vj\vj-fib\2dgame\02-bubble\02-bubble\debug\shaderprogram.obj
d:\vj\vj-fib\2dgame\02-bubble\02-bubble\debug\shader.obj
d:\vj\vj-fib\2dgame\02-bubble\02-bubble\debug\scene.obj
d:\vj\vj-fib\2dgame\02-bubble\02-bubble\debug\main.obj
d:\vj\vj-fib\2dgame\02-bubble\02-bubble\debug\game.obj
d:\vj\vj-fib-2d\projecte\night knight\02-bubble\debug\vc143.pdb
d:\vj\vj-fib-2d\projecte\night knight\02-bubble\debug\vc143.idb
d:\vj\vj-fib-2d\projecte\night knight\02-bubble\debug\tilemap.obj
d:\vj\vj-fib-2d\projecte\night knight\02-bubble\debug\texture.obj
d:\vj\vj-fib-2d\projecte\night knight\02-bubble\debug\sprite.obj
d:\vj\vj-fib-2d\projecte\night knight\02-bubble\debug\shaderprogram.obj
d:\vj\vj-fib-2d\projecte\night knight\02-bubble\debug\shader.obj
d:\vj\vj-fib-2d\projecte\night knight\02-bubble\debug\scene.obj
d:\vj\vj-fib-2d\projecte\night knight\02-bubble\debug\player.obj
d:\vj\vj-fib-2d\projecte\night knight\02-bubble\debug\main.obj
d:\vj\vj-fib-2d\projecte\night knight\02-bubble\debug\game.obj
d:\vj\vj-fib-2d\projecte\night knight\02-bubble\debug\menu.obj
d:\vj\vj-fib-2d\projecte\night knight\02-bubble\debug\tilemapbackground.obj
d:\vj\vj-fib-2d\projecte\night knight\02-bubble\debug\item.obj
d:\vj\vj-fib-2d\projecte\night knight\02-bubble\debug\monster.obj
d:\vj\vj-fib-2d\projecte\night knight\02-bubble\debug\shadermanager.obj
d:\vj\vj-fib-2d\projecte\night knight\02-bubble\debug\layout.obj
d:\vj\vj-fib-2d\projecte\night knight\02-bubble\debug\hud.obj
d:\vj\vj-fib-2d\projecte\night knight\02-bubble\debug\sound.obj
d:\vj\vj-fib\2dgame\02-bubble\02-bubble\debug\night knight.ilk
d:\vj\vj-fib\2dgame\02-bubble\debug\night knight.exe
d:\vj\vj-fib\2dgame\02-bubble\debug\night knight.pdb
d:\vj\vj-fib-2d\projecte\night knight\debug\night knight.exe
d:\vj\vj-fib-2d\projecte\night knight\02-bubble\debug\night knight.ilk
d:\vj\vj-fib-2d\projecte\night knight\debug\night knight.pdb
d:\vj\vj-fib-2d\projecte\night knight\02-bubble\debug\night knight.res
d:\vj\vj-fib-2d\projecte\night knight\02-bubble\debug\item.obj.enc
d:\vj\vj-fib-2d\projecte\night knight\02-bubble\debug\monster.obj.enc
d:\vj\vj-fib-2d\projecte\night knight\02-bubble\debug\scene.obj.enc
d:\vj\vj-fib-2d\projecte\night knight\02-bubble\debug\tilemap.obj.enc
d:\vj\vj-fib-2d\projecte\night knight\02-bubble\debug\02-bubble.ilk
d:\vj\vj-fib-2d\projecte\night knight\02-bubble\debug\02-bubblo.ilk
d:\vj\vj-fib-2d\projecte\night knight\02-bubble\debug\night knight.tlog\cl.command.1.tlog
d:\vj\vj-fib-2d\projecte\night knight\02-bubble\debug\night knight.tlog\cl.read.1.tlog
d:\vj\vj-fib-2d\projecte\night knight\02-bubble\debug\night knight.tlog\cl.write.1.tlog
d:\vj\vj-fib-2d\projecte\night knight\02-bubble\debug\night knight.tlog\link.command.1.tlog
d:\vj\vj-fib-2d\projecte\night knight\02-bubble\debug\night knight.tlog\link.read.1.tlog
d:\vj\vj-fib-2d\projecte\night knight\02-bubble\debug\night knight.tlog\link.write.1.tlog
d:\vj\vj-fib-2d\projecte\night knight\02-bubble\debug\night knight.tlog\rc.command.1.tlog
d:\vj\vj-fib-2d\projecte\night knight\02-bubble\debug\night knight.tlog\rc.read.1.tlog
d:\vj\vj-fib-2d\projecte\night knight\02-bubble\debug\night knight.tlog\rc.write.1.tlog
